<?xml version="1.0" encoding="UTF-8"?>
<!-- Generated by org.testng.reporters.JUnitReportReporter -->
<testsuite hostname="DESKTOP-IQJB3FI" failures="0" tests="1" name="com.actitime.testscript.DemoTestNG" time="0.016" errors="0" timestamp="2024-03-22T14:18:57 IST" skipped="0">
  <testcase classname="com.actitime.testscript.DemoTestNG" name="demo" time="0.016">
    <system-out>
      <![CDATA[welcome to testing]]>
    </system-out>
  </testcase> <!-- demo -->
  <system-out>
    <![CDATA[welcome to testing]]>
  </system-out>
</testsuite> <!-- com.actitime.testscript.DemoTestNG -->
