<?xml version="1.0" encoding="UTF-8"?>
<!-- Generated by org.testng.reporters.JUnitReportReporter -->
<testsuite hostname="DESKTOP-IQJB3FI" failures="0" tests="1" name="com.actitime.testscript.DemoTest" time="0.010" errors="0" timestamp="2024-03-28T19:14:58 IST" skipped="0">
  <testcase classname="com.actitime.testscript.DemoTest" name="demo" time="0.010">
    <system-out>
      <![CDATA[Welcome to testing]]>
    </system-out>
  </testcase> <!-- demo -->
  <system-out>
    <![CDATA[Welcome to testing]]>
  </system-out>
</testsuite> <!-- com.actitime.testscript.DemoTest -->
